# JRE version: OpenJDK Runtime Environment (11.0.10) (build 11.0.10+0-b96-7249189)
# Java VM: OpenJDK 64-Bit Server VM (11.0.10+0-b96-7249189, mixed mode, tiered, compressed oops, g1 gc, windows-amd64)
Heap:
 garbage-first heap   total 129024K, used 92020K [0x00000000a0000000, 0x0000000100000000)
  region size 1024K, 38 young (38912K), 4 survivors (4096K)
 Metaspace       used 70160K, capacity 72122K, committed 72440K, reserved 1112064K
  class space    used 9169K, capacity 9877K, committed 9976K, reserved 1048576K
GC Heap History (20 events):
Event: 8.824 GC heap before
{Heap before GC invocations=5 (full 0):
 garbage-first heap   total 129024K, used 64288K [0x00000000a0000000, 0x0000000100000000)
  region size 1024K, 48 young (49152K), 4 survivors (4096K)
 Metaspace       used 35259K, capacity 35719K, committed 35840K, reserved 1081344K
  class space    used 4407K, capacity 4607K, committed 4608K, reserved 1048576K
}
Event: 8.836 GC heap after
{Heap after GC invocations=6 (full 0):
 garbage-first heap   total 129024K, used 20948K [0x00000000a0000000, 0x0000000100000000)
  region size 1024K, 6 young (6144K), 6 survivors (6144K)
 Metaspace       used 35259K, capacity 35719K, committed 35840K, reserved 1081344K
  class space    used 4407K, capacity 4607K, committed 4608K, reserved 1048576K
}
Event: 9.995 GC heap before
{Heap before GC invocations=7 (full 0):
 garbage-first heap   total 129024K, used 73172K [0x00000000a0000000, 0x0000000100000000)
  region size 1024K, 57 young (58368K), 6 survivors (6144K)
 Metaspace       used 39575K, capacity 40119K, committed 40448K, reserved 1085440K
  class space    used 5071K, capacity 5266K, committed 5376K, reserved 1048576K
}
Event: 10.005 GC heap after
{Heap after GC invocations=8 (full 0):
 garbage-first heap   total 129024K, used 23187K [0x00000000a0000000, 0x0000000100000000)
  region size 1024K, 5 young (5120K), 5 survivors (5120K)
 Metaspace       used 39575K, capacity 40119K, committed 40448K, reserved 1085440K
  class space    used 5071K, capacity 5266K, committed 5376K, reserved 1048576K
}
Event: 13.046 GC heap before
{Heap before GC invocations=8 (full 0):
 garbage-first heap   total 129024K, used 79507K [0x00000000a0000000, 0x0000000100000000)
  region size 1024K, 59 young (60416K), 5 survivors (5120K)
 Metaspace       used 46256K, capacity 47127K, committed 47232K, reserved 1089536K
  class space    used 5865K, capacity 6177K, committed 6272K, reserved 1048576K
}
Event: 13.056 GC heap after
{Heap after GC invocations=9 (full 0):
 garbage-first heap   total 129024K, used 32039K [0x00000000a0000000, 0x0000000100000000)
  region size 1024K, 8 young (8192K), 8 survivors (8192K)
 Metaspace       used 46256K, capacity 47127K, committed 47232K, reserved 1089536K
  class space    used 5865K, capacity 6177K, committed 6272K, reserved 1048576K
}
Event: 14.144 GC heap before
{Heap before GC invocations=9 (full 0):
 garbage-first heap   total 129024K, used 84263K [0x00000000a0000000, 0x0000000100000000)
  region size 1024K, 59 young (60416K), 8 survivors (8192K)
 Metaspace       used 51661K, capacity 52657K, committed 52736K, reserved 1095680K
  class space    used 6539K, capacity 6904K, committed 6912K, reserved 1048576K
}
Event: 14.154 GC heap after
{Heap after GC invocations=10 (full 0):
 garbage-first heap   total 129024K, used 36327K [0x00000000a0000000, 0x0000000100000000)
  region size 1024K, 4 young (4096K), 4 survivors (4096K)
 Metaspace       used 51661K, capacity 52657K, committed 52736K, reserved 1095680K
  class space    used 6539K, capacity 6904K, committed 6912K, reserved 1048576K
}
Event: 15.618 GC heap before
{Heap before GC invocations=10 (full 0):
 garbage-first heap   total 129024K, used 88551K [0x00000000a0000000, 0x0000000100000000)
  region size 1024K, 54 young (55296K), 4 survivors (4096K)
 Metaspace       used 53629K, capacity 54773K, committed 54912K, reserved 1097728K
  class space    used 6785K, capacity 7184K, committed 7296K, reserved 1048576K
}
Event: 15.627 GC heap after
{Heap after GC invocations=11 (full 0):
 garbage-first heap   total 129024K, used 44350K [0x00000000a0000000, 0x0000000100000000)
  region size 1024K, 7 young (7168K), 7 survivors (7168K)
 Metaspace       used 53629K, capacity 54773K, committed 54912K, reserved 1097728K
  class space    used 6785K, capacity 7184K, committed 7296K, reserved 1048576K
}
Event: 16.562 GC heap before
{Heap before GC invocations=11 (full 0):
 garbage-first heap   total 129024K, used 91454K [0x00000000a0000000, 0x0000000100000000)
  region size 1024K, 53 young (54272K), 7 survivors (7168K)
 Metaspace       used 58289K, capacity 59693K, committed 59904K, reserved 1101824K
  class space    used 7426K, capacity 7895K, committed 7936K, reserved 1048576K
}
Event: 16.571 GC heap after
{Heap after GC invocations=12 (full 0):
 garbage-first heap   total 129024K, used 48243K [0x00000000a0000000, 0x0000000100000000)
  region size 1024K, 4 young (4096K), 4 survivors (4096K)
 Metaspace       used 58289K, capacity 59693K, committed 59904K, reserved 1101824K
  class space    used 7426K, capacity 7895K, committed 7936K, reserved 1048576K
}
Event: 16.618 GC heap before
{Heap before GC invocations=12 (full 0):
 garbage-first heap   total 129024K, used 50291K [0x00000000a0000000, 0x0000000100000000)
  region size 1024K, 7 young (7168K), 4 survivors (4096K)
 Metaspace       used 58483K, capacity 59853K, committed 59904K, reserved 1101824K
  class space    used 7450K, capacity 7927K, committed 7936K, reserved 1048576K
}
Event: 16.626 GC heap after
{Heap after GC invocations=13 (full 0):
 garbage-first heap   total 129024K, used 48266K [0x00000000a0000000, 0x0000000100000000)
  region size 1024K, 4 young (4096K), 4 survivors (4096K)
 Metaspace       used 58483K, capacity 59853K, committed 59904K, reserved 1101824K
  class space    used 7450K, capacity 7927K, committed 7936K, reserved 1048576K
}
Event: 17.413 GC heap before
{Heap before GC invocations=14 (full 0):
 garbage-first heap   total 129024K, used 93322K [0x00000000a0000000, 0x0000000100000000)
  region size 1024K, 48 young (49152K), 4 survivors (4096K)
 Metaspace       used 61367K, capacity 62739K, committed 62968K, reserved 1103872K
  class space    used 7882K, capacity 8377K, committed 8440K, reserved 1048576K
}
Event: 17.421 GC heap after
{Heap after GC invocations=15 (full 0):
 garbage-first heap   total 129024K, used 51827K [0x00000000a0000000, 0x0000000100000000)
  region size 1024K, 5 young (5120K), 5 survivors (5120K)
 Metaspace       used 61367K, capacity 62739K, committed 62968K, reserved 1103872K
  class space    used 7882K, capacity 8377K, committed 8440K, reserved 1048576K
}
Event: 18.376 GC heap before
{Heap before GC invocations=15 (full 0):
 garbage-first heap   total 129024K, used 95859K [0x00000000a0000000, 0x0000000100000000)
  region size 1024K, 48 young (49152K), 5 survivors (5120K)
 Metaspace       used 65053K, capacity 66667K, committed 66936K, reserved 1107968K
  class space    used 8389K, capacity 8974K, committed 9080K, reserved 1048576K
}
Event: 18.382 GC heap after
{Heap after GC invocations=16 (full 0):
 garbage-first heap   total 129024K, used 55592K [0x00000000a0000000, 0x0000000100000000)
  region size 1024K, 4 young (4096K), 4 survivors (4096K)
 Metaspace       used 65053K, capacity 66667K, committed 66936K, reserved 1107968K
  class space    used 8389K, capacity 8974K, committed 9080K, reserved 1048576K
}
Event: 20.340 GC heap before
{Heap before GC invocations=16 (full 0):
 garbage-first heap   total 129024K, used 98600K [0x00000000a0000000, 0x0000000100000000)
  region size 1024K, 46 young (47104K), 4 survivors (4096K)
 Metaspace       used 68606K, capacity 70383K, committed 70520K, reserved 1110016K
  class space    used 8917K, capacity 9532K, committed 9592K, reserved 1048576K
}
Event: 20.347 GC heap after
{Heap after GC invocations=17 (full 0):
 garbage-first heap   total 129024K, used 59252K [0x00000000a0000000, 0x0000000100000000)
  region size 1024K, 4 young (4096K), 4 survivors (4096K)
 Metaspace       used 68606K, capacity 70383K, committed 70520K, reserved 1110016K
  class space    used 8917K, capacity 9532K, committed 9592K, reserved 1048576K
}

