# JRE version: OpenJDK Runtime Environment (11.0.10) (build 11.0.10+0-b96-7249189)
# Java VM: OpenJDK 64-Bit Server VM (11.0.10+0-b96-7249189, mixed mode, tiered, compressed oops, g1 gc, windows-amd64)
Heap:
 garbage-first heap   total 129024K, used 84161K [0x00000000a0000000, 0x0000000100000000)
  region size 1024K, 30 young (30720K), 4 survivors (4096K)
 Metaspace       used 69976K, capacity 71838K, committed 72064K, reserved 1112064K
  class space    used 9131K, capacity 9821K, committed 9856K, reserved 1048576K
GC Heap History (20 events):
Event: 11.670 GC heap before
{Heap before GC invocations=5 (full 0):
 garbage-first heap   total 129024K, used 66251K [0x00000000a0000000, 0x0000000100000000)
  region size 1024K, 49 young (50176K), 4 survivors (4096K)
 Metaspace       used 35255K, capacity 35720K, committed 35840K, reserved 1081344K
  class space    used 4406K, capacity 4607K, committed 4608K, reserved 1048576K
}
Event: 11.683 GC heap after
{Heap after GC invocations=6 (full 0):
 garbage-first heap   total 129024K, used 20893K [0x00000000a0000000, 0x0000000100000000)
  region size 1024K, 6 young (6144K), 6 survivors (6144K)
 Metaspace       used 35255K, capacity 35720K, committed 35840K, reserved 1081344K
  class space    used 4406K, capacity 4607K, committed 4608K, reserved 1048576K
}
Event: 15.105 GC heap before
{Heap before GC invocations=7 (full 0):
 garbage-first heap   total 129024K, used 73117K [0x00000000a0000000, 0x0000000100000000)
  region size 1024K, 57 young (58368K), 6 survivors (6144K)
 Metaspace       used 39430K, capacity 40042K, committed 40192K, reserved 1083392K
  class space    used 5047K, capacity 5261K, committed 5376K, reserved 1048576K
}
Event: 15.114 GC heap after
{Heap after GC invocations=8 (full 0):
 garbage-first heap   total 129024K, used 23252K [0x00000000a0000000, 0x0000000100000000)
  region size 1024K, 6 young (6144K), 6 survivors (6144K)
 Metaspace       used 39430K, capacity 40042K, committed 40192K, reserved 1083392K
  class space    used 5047K, capacity 5261K, committed 5376K, reserved 1048576K
}
Event: 16.624 GC heap before
{Heap before GC invocations=8 (full 0):
 garbage-first heap   total 129024K, used 78548K [0x00000000a0000000, 0x0000000100000000)
  region size 1024K, 59 young (60416K), 6 survivors (6144K)
 Metaspace       used 45813K, capacity 46720K, committed 46976K, reserved 1089536K
  class space    used 5833K, capacity 6147K, committed 6272K, reserved 1048576K
}
Event: 16.633 GC heap after
{Heap after GC invocations=9 (full 0):
 garbage-first heap   total 129024K, used 31691K [0x00000000a0000000, 0x0000000100000000)
  region size 1024K, 8 young (8192K), 8 survivors (8192K)
 Metaspace       used 45813K, capacity 46720K, committed 46976K, reserved 1089536K
  class space    used 5833K, capacity 6147K, committed 6272K, reserved 1048576K
}
Event: 17.727 GC heap before
{Heap before GC invocations=9 (full 0):
 garbage-first heap   total 129024K, used 83915K [0x00000000a0000000, 0x0000000100000000)
  region size 1024K, 59 young (60416K), 8 survivors (8192K)
 Metaspace       used 51389K, capacity 52451K, committed 52736K, reserved 1095680K
  class space    used 6502K, capacity 6857K, committed 6912K, reserved 1048576K
}
Event: 17.737 GC heap after
{Heap after GC invocations=10 (full 0):
 garbage-first heap   total 129024K, used 36978K [0x00000000a0000000, 0x0000000100000000)
  region size 1024K, 4 young (4096K), 4 survivors (4096K)
 Metaspace       used 51389K, capacity 52451K, committed 52736K, reserved 1095680K
  class space    used 6502K, capacity 6857K, committed 6912K, reserved 1048576K
}
Event: 18.951 GC heap before
{Heap before GC invocations=10 (full 0):
 garbage-first heap   total 129024K, used 88178K [0x00000000a0000000, 0x0000000100000000)
  region size 1024K, 54 young (55296K), 4 survivors (4096K)
 Metaspace       used 53454K, capacity 54569K, committed 54784K, reserved 1097728K
  class space    used 6753K, capacity 7112K, committed 7168K, reserved 1048576K
}
Event: 18.958 GC heap after
{Heap after GC invocations=11 (full 0):
 garbage-first heap   total 129024K, used 44032K [0x00000000a0000000, 0x0000000100000000)
  region size 1024K, 7 young (7168K), 7 survivors (7168K)
 Metaspace       used 53454K, capacity 54569K, committed 54784K, reserved 1097728K
  class space    used 6753K, capacity 7112K, committed 7168K, reserved 1048576K
}
Event: 19.959 GC heap before
{Heap before GC invocations=11 (full 0):
 garbage-first heap   total 129024K, used 92160K [0x00000000a0000000, 0x0000000100000000)
  region size 1024K, 54 young (55296K), 7 survivors (7168K)
 Metaspace       used 57998K, capacity 59389K, committed 59648K, reserved 1101824K
  class space    used 7384K, capacity 7855K, committed 7936K, reserved 1048576K
}
Event: 19.971 GC heap after
{Heap after GC invocations=12 (full 0):
 garbage-first heap   total 129024K, used 47629K [0x00000000a0000000, 0x0000000100000000)
  region size 1024K, 4 young (4096K), 4 survivors (4096K)
 Metaspace       used 57998K, capacity 59389K, committed 59648K, reserved 1101824K
  class space    used 7384K, capacity 7855K, committed 7936K, reserved 1048576K
}
Event: 20.097 GC heap before
{Heap before GC invocations=12 (full 0):
 garbage-first heap   total 129024K, used 53773K [0x00000000a0000000, 0x0000000100000000)
  region size 1024K, 11 young (11264K), 4 survivors (4096K)
 Metaspace       used 58492K, capacity 59837K, committed 59904K, reserved 1101824K
  class space    used 7439K, capacity 7919K, committed 7936K, reserved 1048576K
}
Event: 20.104 GC heap after
{Heap after GC invocations=13 (full 0):
 garbage-first heap   total 129024K, used 48207K [0x00000000a0000000, 0x0000000100000000)
  region size 1024K, 4 young (4096K), 4 survivors (4096K)
 Metaspace       used 58492K, capacity 59837K, committed 59904K, reserved 1101824K
  class space    used 7439K, capacity 7919K, committed 7936K, reserved 1048576K
}
Event: 21.002 GC heap before
{Heap before GC invocations=14 (full 0):
 garbage-first heap   total 129024K, used 96335K [0x00000000a0000000, 0x0000000100000000)
  region size 1024K, 51 young (52224K), 4 survivors (4096K)
 Metaspace       used 61544K, capacity 63051K, committed 63232K, reserved 1103872K
  class space    used 7914K, capacity 8436K, committed 8448K, reserved 1048576K
}
Event: 21.016 GC heap after
{Heap after GC invocations=15 (full 0):
 garbage-first heap   total 129024K, used 52141K [0x00000000a0000000, 0x0000000100000000)
  region size 1024K, 5 young (5120K), 5 survivors (5120K)
 Metaspace       used 61544K, capacity 63051K, committed 63232K, reserved 1103872K
  class space    used 7914K, capacity 8436K, committed 8448K, reserved 1048576K
}
Event: 22.113 GC heap before
{Heap before GC invocations=15 (full 0):
 garbage-first heap   total 129024K, used 99245K [0x00000000a0000000, 0x0000000100000000)
  region size 1024K, 51 young (52224K), 5 survivors (5120K)
 Metaspace       used 65493K, capacity 67058K, committed 67200K, reserved 1107968K
  class space    used 8484K, capacity 9059K, committed 9088K, reserved 1048576K
}
Event: 22.126 GC heap after
{Heap after GC invocations=16 (full 0):
 garbage-first heap   total 129024K, used 55582K [0x00000000a0000000, 0x0000000100000000)
  region size 1024K, 4 young (4096K), 4 survivors (4096K)
 Metaspace       used 65493K, capacity 67058K, committed 67200K, reserved 1107968K
  class space    used 8484K, capacity 9059K, committed 9088K, reserved 1048576K
}
Event: 23.354 GC heap before
{Heap before GC invocations=16 (full 0):
 garbage-first heap   total 129024K, used 100638K [0x00000000a0000000, 0x0000000100000000)
  region size 1024K, 48 young (49152K), 4 survivors (4096K)
 Metaspace       used 69168K, capacity 70966K, committed 71168K, reserved 1110016K
  class space    used 9028K, capacity 9700K, committed 9728K, reserved 1048576K
}
Event: 23.364 GC heap after
{Heap after GC invocations=17 (full 0):
 garbage-first heap   total 129024K, used 59585K [0x00000000a0000000, 0x0000000100000000)
  region size 1024K, 4 young (4096K), 4 survivors (4096K)
 Metaspace       used 69168K, capacity 70966K, committed 71168K, reserved 1110016K
  class space    used 9028K, capacity 9700K, committed 9728K, reserved 1048576K
}

