# JRE version: OpenJDK Runtime Environment (11.0.10) (build 11.0.10+0-b96-7249189)
# Java VM: OpenJDK 64-Bit Server VM (11.0.10+0-b96-7249189, mixed mode, tiered, compressed oops, g1 gc, windows-amd64)
Heap:
 garbage-first heap   total 129024K, used 89838K [0x00000000a0000000, 0x0000000100000000)
  region size 1024K, 30 young (30720K), 3 survivors (3072K)
 Metaspace       used 74879K, capacity 76890K, committed 77056K, reserved 1116160K
  class space    used 9443K, capacity 10152K, committed 10240K, reserved 1048576K
GC Heap History (20 events):
Event: 22.616 GC heap before
{Heap before GC invocations=8 (full 0):
 garbage-first heap   total 129024K, used 78418K [0x00000000a0000000, 0x0000000100000000)
  region size 1024K, 59 young (60416K), 6 survivors (6144K)
 Metaspace       used 46103K, capacity 46955K, committed 47232K, reserved 1089536K
  class space    used 5838K, capacity 6161K, committed 6272K, reserved 1048576K
}
Event: 22.628 GC heap after
{Heap after GC invocations=9 (full 0):
 garbage-first heap   total 129024K, used 31717K [0x00000000a0000000, 0x0000000100000000)
  region size 1024K, 8 young (8192K), 8 survivors (8192K)
 Metaspace       used 46103K, capacity 46955K, committed 47232K, reserved 1089536K
  class space    used 5838K, capacity 6161K, committed 6272K, reserved 1048576K
}
Event: 25.118 GC heap before
{Heap before GC invocations=9 (full 0):
 garbage-first heap   total 129024K, used 83941K [0x00000000a0000000, 0x0000000100000000)
  region size 1024K, 59 young (60416K), 8 survivors (8192K)
 Metaspace       used 51596K, capacity 52490K, committed 52736K, reserved 1095680K
  class space    used 6507K, capacity 6844K, committed 6912K, reserved 1048576K
}
Event: 25.131 GC heap after
{Heap after GC invocations=10 (full 0):
 garbage-first heap   total 129024K, used 36780K [0x00000000a0000000, 0x0000000100000000)
  region size 1024K, 5 young (5120K), 5 survivors (5120K)
 Metaspace       used 51596K, capacity 52490K, committed 52736K, reserved 1095680K
  class space    used 6507K, capacity 6844K, committed 6912K, reserved 1048576K
}
Event: 28.231 GC heap before
{Heap before GC invocations=10 (full 0):
 garbage-first heap   total 129024K, used 89004K [0x00000000a0000000, 0x0000000100000000)
  region size 1024K, 55 young (56320K), 5 survivors (5120K)
 Metaspace       used 53463K, capacity 54520K, committed 54784K, reserved 1097728K
  class space    used 6739K, capacity 7094K, committed 7168K, reserved 1048576K
}
Event: 28.242 GC heap after
{Heap after GC invocations=11 (full 0):
 garbage-first heap   total 129024K, used 44136K [0x00000000a0000000, 0x0000000100000000)
  region size 1024K, 7 young (7168K), 7 survivors (7168K)
 Metaspace       used 53463K, capacity 54520K, committed 54784K, reserved 1097728K
  class space    used 6739K, capacity 7094K, committed 7168K, reserved 1048576K
}
Event: 30.739 GC heap before
{Heap before GC invocations=11 (full 0):
 garbage-first heap   total 129024K, used 91240K [0x00000000a0000000, 0x0000000100000000)
  region size 1024K, 53 young (54272K), 7 survivors (7168K)
 Metaspace       used 58197K, capacity 59532K, committed 59648K, reserved 1101824K
  class space    used 7382K, capacity 7837K, committed 7936K, reserved 1048576K
}
Event: 30.749 GC heap after
{Heap after GC invocations=12 (full 0):
 garbage-first heap   total 129024K, used 48444K [0x00000000a0000000, 0x0000000100000000)
  region size 1024K, 4 young (4096K), 4 survivors (4096K)
 Metaspace       used 58197K, capacity 59532K, committed 59648K, reserved 1101824K
  class space    used 7382K, capacity 7837K, committed 7936K, reserved 1048576K
}
Event: 30.921 GC heap before
{Heap before GC invocations=12 (full 0):
 garbage-first heap   total 129024K, used 51516K [0x00000000a0000000, 0x0000000100000000)
  region size 1024K, 8 young (8192K), 4 survivors (4096K)
 Metaspace       used 58534K, capacity 59852K, committed 59904K, reserved 1101824K
  class space    used 7431K, capacity 7901K, committed 7936K, reserved 1048576K
}
Event: 30.930 GC heap after
{Heap after GC invocations=13 (full 0):
 garbage-first heap   total 129024K, used 48482K [0x00000000a0000000, 0x0000000100000000)
  region size 1024K, 4 young (4096K), 4 survivors (4096K)
 Metaspace       used 58534K, capacity 59852K, committed 59904K, reserved 1101824K
  class space    used 7431K, capacity 7901K, committed 7936K, reserved 1048576K
}
Event: 33.541 GC heap before
{Heap before GC invocations=14 (full 0):
 garbage-first heap   total 129024K, used 87394K [0x00000000a0000000, 0x0000000100000000)
  region size 1024K, 42 young (43008K), 4 survivors (4096K)
 Metaspace       used 61204K, capacity 62547K, committed 62720K, reserved 1103872K
  class space    used 7838K, capacity 8331K, committed 8448K, reserved 1048576K
}
Event: 33.551 GC heap after
{Heap after GC invocations=15 (full 0):
 garbage-first heap   total 129024K, used 51306K [0x00000000a0000000, 0x0000000100000000)
  region size 1024K, 4 young (4096K), 4 survivors (4096K)
 Metaspace       used 61204K, capacity 62547K, committed 62720K, reserved 1103872K
  class space    used 7838K, capacity 8331K, committed 8448K, reserved 1048576K
}
Event: 35.893 GC heap before
{Heap before GC invocations=15 (full 0):
 garbage-first heap   total 129024K, used 91242K [0x00000000a0000000, 0x0000000100000000)
  region size 1024K, 43 young (44032K), 4 survivors (4096K)
 Metaspace       used 63816K, capacity 65429K, committed 65664K, reserved 1105920K
  class space    used 8191K, capacity 8769K, committed 8832K, reserved 1048576K
}
Event: 35.904 GC heap after
{Heap after GC invocations=16 (full 0):
 garbage-first heap   total 129024K, used 55296K [0x00000000a0000000, 0x0000000100000000)
  region size 1024K, 6 young (6144K), 6 survivors (6144K)
 Metaspace       used 63816K, capacity 65429K, committed 65664K, reserved 1105920K
  class space    used 8191K, capacity 8769K, committed 8832K, reserved 1048576K
}
Event: 38.308 GC heap before
{Heap before GC invocations=16 (full 0):
 garbage-first heap   total 129024K, used 95232K [0x00000000a0000000, 0x0000000100000000)
  region size 1024K, 45 young (46080K), 6 survivors (6144K)
 Metaspace       used 67717K, capacity 69456K, committed 69632K, reserved 1110016K
  class space    used 8775K, capacity 9412K, committed 9472K, reserved 1048576K
}
Event: 38.337 GC heap after
{Heap after GC invocations=17 (full 0):
 garbage-first heap   total 129024K, used 58148K [0x00000000a0000000, 0x0000000100000000)
  region size 1024K, 3 young (3072K), 3 survivors (3072K)
 Metaspace       used 67717K, capacity 69456K, committed 69632K, reserved 1110016K
  class space    used 8775K, capacity 9412K, committed 9472K, reserved 1048576K
}
Event: 41.979 GC heap before
{Heap before GC invocations=17 (full 0):
 garbage-first heap   total 129024K, used 96036K [0x00000000a0000000, 0x0000000100000000)
  region size 1024K, 41 young (41984K), 3 survivors (3072K)
 Metaspace       used 69671K, capacity 71371K, committed 71424K, reserved 1112064K
  class space    used 9066K, capacity 9726K, committed 9728K, reserved 1048576K
}
Event: 41.989 GC heap after
{Heap after GC invocations=18 (full 0):
 garbage-first heap   total 129024K, used 60849K [0x00000000a0000000, 0x0000000100000000)
  region size 1024K, 6 young (6144K), 6 survivors (6144K)
 Metaspace       used 69671K, capacity 71371K, committed 71424K, reserved 1112064K
  class space    used 9066K, capacity 9726K, committed 9728K, reserved 1048576K
}
Event: 281.156 GC heap before
{Heap before GC invocations=18 (full 0):
 garbage-first heap   total 129024K, used 98737K [0x00000000a0000000, 0x0000000100000000)
  region size 1024K, 44 young (45056K), 6 survivors (6144K)
 Metaspace       used 74319K, capacity 76250K, committed 76544K, reserved 1116160K
  class space    used 9436K, capacity 10142K, committed 10240K, reserved 1048576K
}
Event: 281.275 GC heap after
{Heap after GC invocations=19 (full 0):
 garbage-first heap   total 129024K, used 63214K [0x00000000a0000000, 0x0000000100000000)
  region size 1024K, 3 young (3072K), 3 survivors (3072K)
 Metaspace       used 74319K, capacity 76250K, committed 76544K, reserved 1116160K
  class space    used 9436K, capacity 10142K, committed 10240K, reserved 1048576K
}

